Host key verification failed.
Host key verification failed.
Host key verification failed.
Host key verification failed.
Host key verification failed.
Host key verification failed.
Host key verification failed.
Host key verification failed.
Host key verification failed.
Host key verification failed.
Host key verification failed.
Host key verification failed.
Host key verification failed.
Host key verification failed.
Host key verification failed.
Host key verification failed.
Host key verification failed.
Host key verification failed.
Host key verification failed.
Host key verification failed.
Host key verification failed.
Host key verification failed.
Host key verification failed.
Host key verification failed.
Host key verification failed.
Host key verification failed.
Host key verification failed.
Host key verification failed.
Host key verification failed.
Host key verification failed.
Host key verification failed.
Host key verification failed.
Host key verification failed.
Host key verification failed.
Host key verification failed.
Host key verification failed.
Host key verification failed.
Host key verification failed.
Host key verification failed.
Host key verification failed.
Host key verification failed.
Host key verification failed.
Killed by signal 15.
Killed by signal 15.
Killed by signal 15.
Killed by signal 15.
Killed by signal 15.
Killed by signal 15.
Host key verification failed.
Host key verification failed.
Host key verification failed.
Host key verification failed.
Host key verification failed.
Host key verification failed.
Host key verification failed.
Error: Could not find or load main class stresser.remoting.StartupRemote
Host key verification failed.
Host key verification failed.
Host key verification failed.
Host key verification failed.
Host key verification failed.
Host key verification failed.
Host key verification failed.
Error: Could not find or load main class stresser.remoting.StartupRemote
Host key verification failed.
Host key verification failed.
Host key verification failed.
Host key verification failed.
Host key verification failed.
Host key verification failed.
Host key verification failed.
Error: Could not find or load main class stresser.remoting.StartupRemote
Host key verification failed.
Host key verification failed.
Host key verification failed.
Host key verification failed.
Host key verification failed.
Host key verification failed.
Host key verification failed.
Error: Could not find or load main class stresser.remoting.StartupRemote
Host key verification failed.
Host key verification failed.
Host key verification failed.
Host key verification failed.
Host key verification failed.
Host key verification failed.
Host key verification failed.
Error: Could not find or load main class stresser.remoting.StartupRemote
Host key verification failed.
Host key verification failed.
Host key verification failed.
Host key verification failed.
Host key verification failed.
Host key verification failed.
Host key verification failed.
Error: Could not find or load main class stresser.remoting.StartupRemote
Host key verification failed.
Host key verification failed.
Host key verification failed.
Host key verification failed.
Host key verification failed.
Host key verification failed.
Host key verification failed.
Error: Could not find or load main class stresser.remoting.StartupRemote
Host key verification failed.
Host key verification failed.
Host key verification failed.
Host key verification failed.
Host key verification failed.
Host key verification failed.
Host key verification failed.
Error: Could not find or load main class stresser.remoting.StartupRemote
Host key verification failed.
Host key verification failed.
Host key verification failed.
Host key verification failed.
Host key verification failed.
Host key verification failed.
Host key verification failed.
Error: Could not find or load main class stresser.remoting.StartupRemote
Host key verification failed.
Host key verification failed.
Host key verification failed.
Host key verification failed.
Host key verification failed.
Host key verification failed.
Host key verification failed.
Error: Could not find or load main class stresser.remoting.StartupRemote
Host key verification failed.
Host key verification failed.
Host key verification failed.
Host key verification failed.
Host key verification failed.
Host key verification failed.
Host key verification failed.
Error: Could not find or load main class stresser.remoting.StartupRemote
Host key verification failed.
Host key verification failed.
Host key verification failed.
Host key verification failed.
Host key verification failed.
Host key verification failed.
Host key verification failed.
Error: Could not find or load main class stresser.remoting.StartupRemote
Host key verification failed.
Host key verification failed.
Host key verification failed.
Host key verification failed.
Host key verification failed.
Host key verification failed.
Host key verification failed.
Error: Could not find or load main class stresser.remoting.StartupRemote
Host key verification failed.
Host key verification failed.
Host key verification failed.
Host key verification failed.
Host key verification failed.
Host key verification failed.
Host key verification failed.
Error: Could not find or load main class stresser.remoting.StartupRemote
Host key verification failed.
Host key verification failed.
Host key verification failed.
Host key verification failed.
Host key verification failed.
Host key verification failed.
Host key verification failed.
Error: Could not find or load main class stresser.remoting.StartupRemote
Host key verification failed.
Host key verification failed.
Host key verification failed.
Host key verification failed.
Host key verification failed.
Host key verification failed.
Host key verification failed.
Error: Could not find or load main class stresser.remoting.StartupRemote
Host key verification failed.
Host key verification failed.
Host key verification failed.
Host key verification failed.
Host key verification failed.
Host key verification failed.
Host key verification failed.
Error: Could not find or load main class stresser.remoting.StartupRemote
Host key verification failed.
Host key verification failed.
Host key verification failed.
Host key verification failed.
Host key verification failed.
Host key verification failed.
Host key verification failed.
Error: Could not find or load main class stresser.remoting.StartupRemote
Host key verification failed.
Host key verification failed.
Host key verification failed.
Host key verification failed.
Host key verification failed.
Host key verification failed.
Host key verification failed.
Error: Could not find or load main class stresser.remoting.StartupRemote
Host key verification failed.
Host key verification failed.
Host key verification failed.
Host key verification failed.
Host key verification failed.
Host key verification failed.
Host key verification failed.
Error: Could not find or load main class stresser.remoting.StartupRemote
Host key verification failed.
Host key verification failed.
Host key verification failed.
Host key verification failed.
Host key verification failed.
Host key verification failed.
Host key verification failed.
Error: Could not find or load main class stresser.remoting.StartupRemote
Host key verification failed.
Host key verification failed.
Host key verification failed.
Host key verification failed.
Host key verification failed.
Host key verification failed.
Host key verification failed.
Error: Could not find or load main class stresser.remoting.StartupRemote
Host key verification failed.
Host key verification failed.
Host key verification failed.
Host key verification failed.
Host key verification failed.
Host key verification failed.
Host key verification failed.
Error: Could not find or load main class stresser.remoting.StartupRemote
Host key verification failed.
Host key verification failed.
Host key verification failed.
Host key verification failed.
Host key verification failed.
Host key verification failed.
Host key verification failed.
Error: Could not find or load main class stresser.remoting.StartupRemote
Host key verification failed.
Host key verification failed.
Host key verification failed.
Host key verification failed.
Host key verification failed.
Host key verification failed.
Host key verification failed.
Error: Could not find or load main class stresser.remoting.StartupRemote
Host key verification failed.
Host key verification failed.
Host key verification failed.
Host key verification failed.
Host key verification failed.
Host key verification failed.
Host key verification failed.
Error: Could not find or load main class stresser.remoting.StartupRemote
Host key verification failed.
Host key verification failed.
Host key verification failed.
Host key verification failed.
Host key verification failed.
Host key verification failed.
Host key verification failed.
Error: Could not find or load main class stresser.remoting.StartupRemote
Host key verification failed.
Host key verification failed.
Host key verification failed.
Host key verification failed.
Host key verification failed.
Host key verification failed.
Host key verification failed.
Error: Could not find or load main class stresser.remoting.StartupRemote
Host key verification failed.
Host key verification failed.
Host key verification failed.
Host key verification failed.
Host key verification failed.
Host key verification failed.
Host key verification failed.
Error: Could not find or load main class stresser.remoting.StartupRemote
Host key verification failed.
Host key verification failed.
Host key verification failed.
Host key verification failed.
Host key verification failed.
Host key verification failed.
Host key verification failed.
Waiting for lock on /users/eherbert/.sbt/boot/sbt.boot.lock to be available...
Error: Could not find or load main class stresser.remoting.StartupRemote
[0m[[0minfo[0m] [0mLoading project definition from /users/eherbert/CS/TA/CSCI1321-F17/CS2MUDTester/project[0m
[0m[[0minfo[0m] [0mLoading project definition from /users/eherbert/CS/TA/CSCI1321-F17/CS2MUDTester/project[0m
[0m[[0minfo[0m] [0mSet current project to CSCI1321MUDTester (in build file:/users/eherbert/CS/TA/CSCI1321-F17/CS2MUDTester/)[0m
[0m[[0minfo[0m] [0mSet current project to CSCI1321MUDTester (in build file:/users/eherbert/CS/TA/CSCI1321-F17/CS2MUDTester/)[0m
[0m[[0minfo[0m] [0mExecuting in batch mode. For better performance use sbt's shell[0m
java.lang.IllegalArgumentException: requirement failed: Source file '/users/eherbert/CS/TA/CSCI1321-F17/CS2MUDTester/target/scala-2.12/classes/stresser/remoting/TimeKeeper$ReceiveResponse.class' does not exist.
	at scala.Predef$.require(Predef.scala:233)
	at sbt.IO$.copyFile(IO.scala:650)
	at sbt.IO$.move(IO.scala:853)
	at sbt.inc.ClassfileManager$$anonfun$transactional$1$$anon$2.sbt$inc$ClassfileManager$$anonfun$$anon$$move(ClassfileManager.scala:75)
	at sbt.inc.ClassfileManager$$anonfun$transactional$1$$anon$2$$anonfun$delete$3.apply(ClassfileManager.scala:52)
	at sbt.inc.ClassfileManager$$anonfun$transactional$1$$anon$2$$anonfun$delete$3.apply(ClassfileManager.scala:51)
	at scala.collection.immutable.HashSet$HashSet1.foreach(HashSet.scala:153)
	at scala.collection.immutable.HashSet$HashTrieSet.foreach(HashSet.scala:306)
	at scala.collection.immutable.HashSet$HashTrieSet.foreach(HashSet.scala:306)
	at sbt.inc.ClassfileManager$$anonfun$transactional$1$$anon$2.delete(ClassfileManager.scala:51)
	at sbt.inc.Incremental$.prune(Incremental.scala:92)
	at sbt.inc.IncrementalCommon.cycle(IncrementalCommon.scala:29)
	at sbt.inc.Incremental$$anonfun$1.apply(Incremental.scala:72)
	at sbt.inc.Incremental$$anonfun$1.apply(Incremental.scala:71)
	at sbt.inc.Incremental$.manageClassfiles(Incremental.scala:99)
	at sbt.inc.Incremental$.compile(Incremental.scala:71)
	at sbt.inc.IncrementalCompile$.apply(Compile.scala:54)
	at sbt.compiler.IC$.compileInternal(IncrementalCompiler.scala:160)
	at sbt.compiler.IC$.incrementalCompile(IncrementalCompiler.scala:138)
	at sbt.Compiler$.compile(Compiler.scala:155)
	at sbt.Compiler$.compile(Compiler.scala:141)
	at sbt.Defaults$.sbt$Defaults$$compileIncrementalTaskImpl(Defaults.scala:913)
	at sbt.Defaults$$anonfun$compileIncrementalTask$1.apply(Defaults.scala:904)
	at sbt.Defaults$$anonfun$compileIncrementalTask$1.apply(Defaults.scala:902)
	at scala.Function1$$anonfun$compose$1.apply(Function1.scala:47)
	at sbt.$tilde$greater$$anonfun$$u2219$1.apply(TypeFunctions.scala:40)
	at sbt.std.Transform$$anon$4.work(System.scala:63)
	at sbt.Execute$$anonfun$submit$1$$anonfun$apply$1.apply(Execute.scala:228)
	at sbt.Execute$$anonfun$submit$1$$anonfun$apply$1.apply(Execute.scala:228)
	at sbt.ErrorHandling$.wideConvert(ErrorHandling.scala:17)
	at sbt.Execute.work(Execute.scala:237)
	at sbt.Execute$$anonfun$submit$1.apply(Execute.scala:228)
	at sbt.Execute$$anonfun$submit$1.apply(Execute.scala:228)
	at sbt.ConcurrentRestrictions$$anon$4$$anonfun$1.apply(ConcurrentRestrictions.scala:159)
	at sbt.CompletionService$$anon$2.call(CompletionService.scala:28)
	at java.util.concurrent.FutureTask.run(FutureTask.java:266)
	at java.util.concurrent.Executors$RunnableAdapter.call(Executors.java:511)
	at java.util.concurrent.FutureTask.run(FutureTask.java:266)
	at java.util.concurrent.ThreadPoolExecutor.runWorker(ThreadPoolExecutor.java:1149)
	at java.util.concurrent.ThreadPoolExecutor$Worker.run(ThreadPoolExecutor.java:624)
	at java.lang.Thread.run(Thread.java:748)
[0m[[31merror[0m] [0m(compile:[31mcompileIncremental[0m) java.lang.IllegalArgumentException: requirement failed: Source file '/users/eherbert/CS/TA/CSCI1321-F17/CS2MUDTester/target/scala-2.12/classes/stresser/remoting/TimeKeeper$ReceiveResponse.class' does not exist.[0m
[0m[[31merror[0m] [0mTotal time: 1 s, completed Dec 5, 2017 9:30:58 AM[0m
[0m[[0minfo[0m] [0mCompiling 2 Scala sources to /users/eherbert/CS/TA/CSCI1321-F17/CS2MUDTester/target/scala-2.12/classes...[0m
[0m[[33mwarn[0m] [0mthere were 5 feature warnings; re-run with -feature for details[0m
[0m[[33mwarn[0m] [0mone warning found[0m
[0m[[32msuccess[0m] [0mTotal time: 6 s, completed Dec 5, 2017 9:31:03 AM[0m
Host key verification failed.
Host key verification failed.
Host key verification failed.
Host key verification failed.
Host key verification failed.
Host key verification failed.
Host key verification failed.
Waiting for lock on /users/eherbert/.sbt/boot/sbt.boot.lock to be available...
Error: Could not find or load main class stresser.remoting.StartupRemote
[0m[[0minfo[0m] [0mLoading project definition from /users/eherbert/CS/TA/CSCI1321-F17/CS2MUDTester/project[0m
[0m[[0minfo[0m] [0mLoading project definition from /users/eherbert/CS/TA/CSCI1321-F17/CS2MUDTester/project[0m
[0m[[0minfo[0m] [0mSet current project to CSCI1321MUDTester (in build file:/users/eherbert/CS/TA/CSCI1321-F17/CS2MUDTester/)[0m
[0m[[0minfo[0m] [0mSet current project to CSCI1321MUDTester (in build file:/users/eherbert/CS/TA/CSCI1321-F17/CS2MUDTester/)[0m
[0m[[0minfo[0m] [0mExecuting in batch mode. For better performance use sbt's shell[0m
[0m[[0minfo[0m] [0mRunning stresser.remoting.MUDStress [0m
[0m[[32msuccess[0m] [0mTotal time: 0 s, completed Dec 5, 2017 9:31:42 AM[0m
Host key verification failed.
Host key verification failed.
Host key verification failed.
Host key verification failed.
Host key verification failed.
Host key verification failed.
Host key verification failed.
Waiting for lock on /users/eherbert/.sbt/boot/sbt.boot.lock to be available...
Error: Could not find or load main class stresser.remoting.StartupRemote
[0m[[0minfo[0m] [0mLoading project definition from /users/eherbert/CS/TA/CSCI1321-F17/CS2MUDTester/project[0m
[0m[[0minfo[0m] [0mLoading project definition from /users/eherbert/CS/TA/CSCI1321-F17/CS2MUDTester/project[0m
[0m[[0minfo[0m] [0mSet current project to CSCI1321MUDTester (in build file:/users/eherbert/CS/TA/CSCI1321-F17/CS2MUDTester/)[0m
[0m[[0minfo[0m] [0mExecuting in batch mode. For better performance use sbt's shell[0m
[0m[[0minfo[0m] [0mSet current project to CSCI1321MUDTester (in build file:/users/eherbert/CS/TA/CSCI1321-F17/CS2MUDTester/)[0m
[0m[[32msuccess[0m] [0mTotal time: 0 s, completed Dec 5, 2017 9:34:40 AM[0m
[0m[[0minfo[0m] [0mRunning stresser.remoting.MUDStress [0m
Waiting for lock on /users/eherbert/.sbt/boot/sbt.boot.lock to be available...
[0m[[0minfo[0m] [0mLoading project definition from /users/eherbert/CS/TA/CSCI1321-F17/CS2MUDTester/project[0m
[0m[[0minfo[0m] [0mLoading project definition from /users/eherbert/CS/TA/CSCI1321-F17/CS2MUDTester/project[0m
[0m[[0minfo[0m] [0mSet current project to CSCI1321MUDTester (in build file:/users/eherbert/CS/TA/CSCI1321-F17/CS2MUDTester/)[0m
[0m[[0minfo[0m] [0mSet current project to CSCI1321MUDTester (in build file:/users/eherbert/CS/TA/CSCI1321-F17/CS2MUDTester/)[0m
[0m[[0minfo[0m] [0mExecuting in batch mode. For better performance use sbt's shell[0m
[0m[[0minfo[0m] [0mRunning stresser.remoting.MUDStress [0m
[0m[[32msuccess[0m] [0mTotal time: 0 s, completed Dec 5, 2017 9:36:32 AM[0m
Waiting for lock on /users/eherbert/.sbt/boot/sbt.boot.lock to be available...
[0m[[0minfo[0m] [0mLoading project definition from /users/eherbert/CS/TA/CSCI1321-F17/CS2MUDTester/project[0m
[0m[[0minfo[0m] [0mLoading project definition from /users/eherbert/CS/TA/CSCI1321-F17/CS2MUDTester/project[0m
[0m[[0minfo[0m] [0mSet current project to CSCI1321MUDTester (in build file:/users/eherbert/CS/TA/CSCI1321-F17/CS2MUDTester/)[0m
[0m[[0minfo[0m] [0mExecuting in batch mode. For better performance use sbt's shell[0m
[0m[[32msuccess[0m] [0mTotal time: 0 s, completed Dec 5, 2017 9:36:38 AM[0m
[0m[[0minfo[0m] [0mSet current project to CSCI1321MUDTester (in build file:/users/eherbert/CS/TA/CSCI1321-F17/CS2MUDTester/)[0m
[0m[[0minfo[0m] [0mRunning stresser.remoting.MUDStress [0m
Host key verification failed.
Host key verification failed.
Host key verification failed.
Host key verification failed.
Host key verification failed.
Host key verification failed.
Host key verification failed.
Waiting for lock on /users/eherbert/.sbt/boot/sbt.boot.lock to be available...
Error: Could not find or load main class stresser.remoting.StartupRemote
[0m[[0minfo[0m] [0mLoading project definition from /users/eherbert/CS/TA/CSCI1321-F17/CS2MUDTester/project[0m
[0m[[0minfo[0m] [0mLoading project definition from /users/eherbert/CS/TA/CSCI1321-F17/CS2MUDTester/project[0m
[0m[[0minfo[0m] [0mSet current project to CSCI1321MUDTester (in build file:/users/eherbert/CS/TA/CSCI1321-F17/CS2MUDTester/)[0m
[0m[[0minfo[0m] [0mExecuting in batch mode. For better performance use sbt's shell[0m
[0m[[0minfo[0m] [0mSet current project to CSCI1321MUDTester (in build file:/users/eherbert/CS/TA/CSCI1321-F17/CS2MUDTester/)[0m
[0m[[32msuccess[0m] [0mTotal time: 0 s, completed Dec 5, 2017 9:37:22 AM[0m
[0m[[0minfo[0m] [0mRunning stresser.remoting.MUDStress [0m
Host key verification failed.
Host key verification failed.
Host key verification failed.
Host key verification failed.
Host key verification failed.
Host key verification failed.
Host key verification failed.
Waiting for lock on /users/eherbert/.sbt/boot/sbt.boot.lock to be available...
[0m[[0minfo[0m] [0mLoading project definition from /users/eherbert/CS/TA/CSCI1321-F17/CS2MUDTester/project[0m
[0m[[0minfo[0m] [0mLoading project definition from /users/eherbert/CS/TA/CSCI1321-F17/CS2MUDTester/project[0m
[0m[[0minfo[0m] [0mSet current project to CSCI1321MUDTester (in build file:/users/eherbert/CS/TA/CSCI1321-F17/CS2MUDTester/)[0m
[0m[[0minfo[0m] [0mSet current project to CSCI1321MUDTester (in build file:/users/eherbert/CS/TA/CSCI1321-F17/CS2MUDTester/)[0m
[0m[[0minfo[0m] [0mExecuting in batch mode. For better performance use sbt's shell[0m
[0m[[0minfo[0m] [0mRunning stresser.remoting.MUDStress [0m
[0m[[32msuccess[0m] [0mTotal time: 0 s, completed Dec 5, 2017 9:39:50 AM[0m
Host key verification failed.
Host key verification failed.
Host key verification failed.
Host key verification failed.
Host key verification failed.
Host key verification failed.
Host key verification failed.
Waiting for lock on /users/eherbert/.sbt/boot/sbt.boot.lock to be available...
[0m[[0minfo[0m] [0mLoading project definition from /users/eherbert/CS/TA/CSCI1321-F17/CS2MUDTester/project[0m
[0m[[0minfo[0m] [0mLoading project definition from /users/eherbert/CS/TA/CSCI1321-F17/CS2MUDTester/project[0m
[0m[[0minfo[0m] [0mSet current project to CSCI1321MUDTester (in build file:/users/eherbert/CS/TA/CSCI1321-F17/CS2MUDTester/)[0m
[0m[[0minfo[0m] [0mSet current project to CSCI1321MUDTester (in build file:/users/eherbert/CS/TA/CSCI1321-F17/CS2MUDTester/)[0m
[0m[[0minfo[0m] [0mExecuting in batch mode. For better performance use sbt's shell[0m
[0m[[0minfo[0m] [0mRunning stresser.remoting.MUDStress [0m
[0m[[32msuccess[0m] [0mTotal time: 0 s, completed Dec 5, 2017 9:39:59 AM[0m
[INFO] [12/05/2017 12:05:50.060] [MUDStressTest-shutdown-hook-1] [CoordinatedShutdown(akka://MUDStressTest)] Starting coordinated shutdown from JVM shutdown hook
[INFO] [12/05/2017 12:06:06.942] [MUDStressTest-shutdown-hook-1] [CoordinatedShutdown(akka://MUDStressTest)] Starting coordinated shutdown from JVM shutdown hook
[INFO] [12/05/2017 12:08:28.646] [MUDStressTest-shutdown-hook-1] [CoordinatedShutdown(akka://MUDStressTest)] Starting coordinated shutdown from JVM shutdown hook[INFO] [12/05/2017 12:08:28.646] [MUDStressTest-shutdown-hook-1] [CoordinatedShutdown(akka://MUDStressTest)] Starting coordinated shutdown from JVM shutdown hook[INFO] [12/05/2017 12:08:28.646] [MUDStressTest-shutdown-hook-1] [CoordinatedShutdown(akka://MUDStressTest)] Starting coordinated shutdown from JVM shutdown hook


[INFO] [12/05/2017 12:08:28.746] [MUDStressTest-shutdown-hook-1] [CoordinatedShutdown(akka://MUDStressTest)] Starting coordinated shutdown from JVM shutdown hook[INFO] [12/05/2017 12:08:28.647] [MUDStressTest-shutdown-hook-1] [CoordinatedShutdown(akka://MUDStressTest)] Starting coordinated shutdown from JVM shutdown hook

Host key verification failed.
Host key verification failed.
Host key verification failed.
Host key verification failed.
Host key verification failed.
Host key verification failed.
Host key verification failed.
Error: Could not find or load main class stresser.remoting.StartupRemote
[0m[[0minfo[0m] [0mLoading project definition from /users/eherbert/CS/TA/CSCI1321-F17/CS2MUDTester/project[0m
[0m[[0minfo[0m] [0mSet current project to CSCI1321MUDTester (in build file:/users/eherbert/CS/TA/CSCI1321-F17/CS2MUDTester/)[0m
[0m[[0minfo[0m] [0mRunning stresser.remoting.MUDStress [0m
Host key verification failed.
Host key verification failed.
Host key verification failed.
Host key verification failed.
Host key verification failed.
Host key verification failed.
Host key verification failed.
Error: Could not find or load main class stresser.remoting.StartupRemote
[0m[[0minfo[0m] [0mLoading project definition from /users/eherbert/CS/TA/CSCI1321-F17/CS2MUDTester/project[0m
[0m[[0minfo[0m] [0mSet current project to CSCI1321MUDTester (in build file:/users/eherbert/CS/TA/CSCI1321-F17/CS2MUDTester/)[0m
[0m[[0minfo[0m] [0mRunning stresser.remoting.MUDStress [0m
[INFO] [12/05/2017 12:15:56.078] [MUDStressTest-shutdown-hook-1] [CoordinatedShutdown(akka://MUDStressTest)] Starting coordinated shutdown from JVM shutdown hook
[INFO] [12/05/2017 12:16:28.714] [MUDStressTest-shutdown-hook-1] [CoordinatedShutdown(akka://MUDStressTest)] Starting coordinated shutdown from JVM shutdown hook
Error: Could not find or load main class stresser.remoting.StartupRemote
Host key verification failed.
Host key verification failed.
Host key verification failed.
Host key verification failed.
Host key verification failed.
Host key verification failed.
Host key verification failed.
Error: Could not find or load main class stresser.remoting.StartupRemote
Host key verification failed.
Host key verification failed.
Host key verification failed.
Host key verification failed.
Host key verification failed.
Host key verification failed.
Host key verification failed.
Error: Could not find or load main class stresser.remoting.StartupRemote
Host key verification failed.
Host key verification failed.
Host key verification failed.
Host key verification failed.
Host key verification failed.
Host key verification failed.
Host key verification failed.
Error: Could not find or load main class stresser.remoting.StartupRemote
Host key verification failed.
Host key verification failed.
Host key verification failed.
Host key verification failed.
Host key verification failed.
Host key verification failed.
Host key verification failed.
Error: Could not find or load main class stresser.remoting.StartupRemote
Host key verification failed.
Host key verification failed.
Host key verification failed.
Host key verification failed.
Host key verification failed.
Host key verification failed.
Host key verification failed.
Error: Could not find or load main class stresser.remoting.StartupRemote
Host key verification failed.
Host key verification failed.
Host key verification failed.
Host key verification failed.
Host key verification failed.
Host key verification failed.
Host key verification failed.
Host key verification failed.
Host key verification failed.
Host key verification failed.
Host key verification failed.
Host key verification failed.
Host key verification failed.
Host key verification failed.
Error: Could not find or load main class stresser.remoting.StartupRemote
Host key verification failed.
Host key verification failed.
Host key verification failed.
Host key verification failed.
Host key verification failed.
Host key verification failed.
Host key verification failed.
Error: Could not find or load main class stresser.remoting.StartupRemote
Host key verification failed.
Host key verification failed.
Host key verification failed.
Host key verification failed.
Host key verification failed.
Host key verification failed.
Host key verification failed.
Error: Could not find or load main class stresser.remoting.StartupRemote
Host key verification failed.
Host key verification failed.
Host key verification failed.
Host key verification failed.
Host key verification failed.
Host key verification failed.
Host key verification failed.
Error: Could not find or load main class stresser.remoting.StartupRemote
Host key verification failed.
Host key verification failed.
Host key verification failed.
Host key verification failed.
Host key verification failed.
Host key verification failed.
Host key verification failed.
Error: Could not find or load main class stresser.remoting.StartupRemote
Host key verification failed.
Host key verification failed.
Host key verification failed.
Host key verification failed.
Host key verification failed.
Host key verification failed.
Host key verification failed.
Error: Could not find or load main class stresser.remoting.StartupRemote
Host key verification failed.
Host key verification failed.
Host key verification failed.
Host key verification failed.
Host key verification failed.
Host key verification failed.
Host key verification failed.
Error: Could not find or load main class stresser.remoting.StartupRemote
Host key verification failed.
Host key verification failed.
Host key verification failed.
Host key verification failed.
Host key verification failed.
Host key verification failed.
Host key verification failed.
Error: Could not find or load main class stresser.remoting.StartupRemote
Host key verification failed.
Host key verification failed.
Host key verification failed.
Host key verification failed.
Host key verification failed.
Host key verification failed.
Host key verification failed.
Error: Could not find or load main class stresser.remoting.StartupRemote
Host key verification failed.
Host key verification failed.
Host key verification failed.
Host key verification failed.
Host key verification failed.
Host key verification failed.
Host key verification failed.
Error: Could not find or load main class stresser.remoting.StartupRemote
